2026.03.14 22:30:18 INFO  Started: Metals version 1.6.6 in folders '/Users/rodrigo/git/github/rodrigodlima/java-fundamentals/java-course' for client Visual Studio Code 1.109.5.[0m
2026.03.14 22:30:18 INFO  Memory monitor started[0m
2026.03.14 22:30:18 WARN  Using H2 2.4.240 which is newer than the version Flyway has been verified with. The latest verified version of H2 is 2.3.232.[0m
2026.03.14 22:30:20 INFO  no build target found for /Users/rodrigo/git/github/rodrigodlima/java-fundamentals/java-course/exercice1/src/application/Program.java. Using fallback presentation compiler.[0m
Mar 14, 2026 10:30:20 PM org.eclipse.lsp4j.jsonrpc.services.GenericEndpoint notify
INFO: Unsupported notification method: $/setTrace
Mar 14, 2026 10:30:20 PM org.eclipse.lsp4j.jsonrpc.RemoteEndpoint handleCancellation
WARNING: Unmatched cancel notification for request id 2
2026.03.14 22:30:20 INFO  no build target found for /Users/rodrigo/git/github/rodrigodlima/java-fundamentals/java-course/exercice1/src/application/Program.java. Using fallback presentation compiler.[0m
2026.03.14 22:30:20 WARN  no build tool detected in workspace '/Users/rodrigo/git/github/rodrigodlima/java-fundamentals/java-course'. The most common cause for this problem is that the editor was opened in the wrong working directory, for example if you use sbt then the workspace directory should contain build.sbt. [0m
2026.03.14 22:30:20 WARN  Build server is not auto-connectable.[0m
Mar 14, 2026 10:30:20 PM org.eclipse.lsp4j.jsonrpc.RemoteEndpoint handleCancellation
WARNING: Unmatched cancel notification for request id 9
2026.03.14 22:30:20 INFO  no build target found for /Users/rodrigo/git/github/rodrigodlima/java-fundamentals/java-course/exercice1/src/application/Program.java. Using fallback presentation compiler.[0m
2026.03.14 22:30:20 WARN  no build target for: /Users/rodrigo/git/github/rodrigodlima/java-fundamentals/java-course/exercice1/src/application/Program.java[0m
2026.03.14 22:30:21 INFO  no build target found for /Users/rodrigo/git/github/rodrigodlima/java-fundamentals/java-course/exercice1/src/application/Program.java. Using fallback presentation compiler.[0m
Mar 14, 2026 10:30:23 PM org.eclipse.lsp4j.jsonrpc.services.GenericEndpoint notify
INFO: Unsupported notification method: $/setTrace
2026.03.14 22:30:41 INFO  Shutting down server[0m
2026.03.14 22:30:41 INFO  Memory monitor stopped[0m
2026.03.14 22:30:41 INFO  shutting down Metals[0m
2026.03.14 22:30:41 INFO  Exiting server[0m
2026.03.14 23:24:30 INFO  Started: Metals version 1.6.6 in folders '/Users/rodrigo/git/github/rodrigodlima/java-fundamentals/java-course' for client Visual Studio Code 1.109.5.[0m
2026.03.14 23:24:30 INFO  Memory monitor started[0m
2026.03.14 23:24:30 WARN  Using H2 2.4.240 which is newer than the version Flyway has been verified with. The latest verified version of H2 is 2.3.232.[0m
2026.03.14 23:24:31 WARN  no build tool detected in workspace '/Users/rodrigo/git/github/rodrigodlima/java-fundamentals/java-course'. The most common cause for this problem is that the editor was opened in the wrong working directory, for example if you use sbt then the workspace directory should contain build.sbt. [0m
2026.03.14 23:24:31 WARN  Build server is not auto-connectable.[0m
2026.03.14 23:24:31 WARN  no build target for: /Users/rodrigo/git/github/rodrigodlima/java-fundamentals/java-course/exercice1/src/application/Program.java[0m
2026.03.15 14:50:55 INFO  Started: Metals version 1.6.6 in folders '/Users/rodrigo/git/github/rodrigodlima/java-fundamentals/java-course' for client Visual Studio Code 1.109.5.[0m
2026.03.15 14:50:55 INFO  Memory monitor started[0m
2026.03.15 14:50:55 WARN  Using H2 2.4.240 which is newer than the version Flyway has been verified with. The latest verified version of H2 is 2.3.232.[0m
2026.03.15 14:50:55 INFO  no build target found for /Users/rodrigo/git/github/rodrigodlima/java-fundamentals/java-course/exercice1/src/application/Program.java. Using fallback presentation compiler.[0m
2026.03.15 14:50:56 WARN  no build tool detected in workspace '/Users/rodrigo/git/github/rodrigodlima/java-fundamentals/java-course'. The most common cause for this problem is that the editor was opened in the wrong working directory, for example if you use sbt then the workspace directory should contain build.sbt. [0m
2026.03.15 14:50:56 WARN  Build server is not auto-connectable.[0m
2026.03.15 14:50:56 WARN  no build target for: /Users/rodrigo/git/github/rodrigodlima/java-fundamentals/java-course/exercice1/src/application/Program.java[0m
2026.03.15 14:50:59 INFO  Shutting down server[0m
2026.03.15 14:50:59 INFO  Memory monitor stopped[0m
2026.03.15 14:50:59 INFO  shutting down Metals[0m
2026.03.15 14:50:59 INFO  Exiting server[0m
